11:50:40.946 [main] INFO  com.ssl.code.signing.tool.commands.SignCommand - Command: sign
11:50:40.949 [main] INFO  com.ssl.code.signing.tool.commands.SignCommand - Client ID: kaXTRACNijSWsFdRKg_KAfD3fqrBlzMbWs6TwWHwAn8
11:50:40.949 [main] INFO  com.ssl.code.signing.tool.commands.SignCommand - OAuth2 URL: https://login.ssl.com/oauth2/token
11:50:40.949 [main] INFO  com.ssl.code.signing.tool.commands.SignCommand - CSC Endpoint: https://cs.ssl.com
11:50:40.949 [main] INFO  com.ssl.code.signing.tool.commands.SignCommand - TSA URL: http://ts.ssl.com
11:50:40.949 [main] INFO  com.ssl.code.signing.tool.commands.SignCommand - TSA Legacy URL: null
11:50:40.949 [main] INFO  com.ssl.code.signing.tool.commands.SignCommand - Output directory path: /Users/leocaadi-stefan/Desktop/site/app/dist/win-unpacked/signed
11:50:40.950 [main] INFO  com.ssl.code.signing.tool.commands.SignCommand - Input file path: /Users/leocaadi-stefan/Desktop/site/app/dist/win-unpacked/adipan.exe
11:50:40.950 [main] INFO  com.ssl.code.signing.tool.commands.SignCommand - File type: exe
11:50:40.950 [main] INFO  com.ssl.code.signing.tool.commands.SignCommand - Code format type: pe
11:50:41.679 [main] INFO  com.ssl.code.signing.tool.commands.SignCommand - Credential ID in input parameter: 0bd81b4d-49cb-4840-8d30-4d0374ff51b5
11:50:41.679 [main] INFO  com.ssl.code.signing.tool.commands.SignCommand - Credential ID retrieved from signatures service: 0bd81b4d-49cb-4840-8d30-4d0374ff51b5
11:50:42.239 [main] INFO  com.ssl.code.signing.tool.commands.SignCommand - Subject DN: CN=ADI PAN SRL, O=ADI PAN SRL, L=Buzau, C=RO
11:50:42.239 [main] INFO  com.ssl.code.signing.tool.commands.SignCommand - Issuer DN: CN=SSL.com Code Signing Intermediate CA RSA R1, O=SSL Corp, L=Houston, ST=Texas, C=US
11:50:42.244 [main] INFO  com.ssl.code.signing.tool.commands.SignCommand - Certificate expiry: Wed May 06 00:08:40 EEST 2026
11:50:45.706 [main] INFO  com.ssl.code.signing.tool.commands.SignCommand - malware detected: false
11:52:42.033 [main] INFO  com.ssl.code.signing.tool.csc.CscApi - sign hash response: {"signatures":["dLi/VgO/6FBbupueGbTNMqG6obVcSxMFZ892hExH5P8SREOAnqPtIAY0mIAz6lg+pPcd5rL0rwI99cz+kR+oZtqPvuCiAidRpIsSkpGqgnXp2kPMf999uNwuY9wHAagWLAo1EinnrJ5gsBePWxktKxyvBMfDUiuvYfuHz/7TQ4JH7UYaQ1HiFNEPbJNW0lqaPLdmW8KArr//ogKT+bdFdMhxNdnOC23oo61Ij9AUNg4AE3XHsdNC1nSM5SGDxnRCV/32KkeNBmTbKJ3sIO5iXOntrewu0ApBJluepb/CkpVKNvvLMKvr5Zp6dzppP3ELeUHM0g46Qt9iqDiUjaqhddTYzoSj418NtOGiXRZ7gKv7q+If8zClcS0y7XpTcckgL9adWOy23y400hiLZe3NqHpkYotdh2wKjjK25YVdGOK75rHoaK8OZlg4CevUdigKhKO9+Hn8gnBZWuwXZlcj4NQFwjz4YNAOXR6TyuOApFI6CsgQ8tvwGvNLq9IQ4O2p"]}
11:52:42.035 [main] INFO  com.ssl.code.signing.tool.commands.SignCommand - Signature value: dLi/VgO/6FBbupueGbTNMqG6obVcSxMFZ892hExH5P8SREOAnqPtIAY0mIAz6lg+pPcd5rL0rwI99cz+kR+oZtqPvuCiAidRpIsSkpGqgnXp2kPMf999uNwuY9wHAagWLAo1EinnrJ5gsBePWxktKxyvBMfDUiuvYfuHz/7TQ4JH7UYaQ1HiFNEPbJNW0lqaPLdmW8KArr//ogKT+bdFdMhxNdnOC23oo61Ij9AUNg4AE3XHsdNC1nSM5SGDxnRCV/32KkeNBmTbKJ3sIO5iXOntrewu0ApBJluepb/CkpVKNvvLMKvr5Zp6dzppP3ELeUHM0g46Qt9iqDiUjaqhddTYzoSj418NtOGiXRZ7gKv7q+If8zClcS0y7XpTcckgL9adWOy23y400hiLZe3NqHpkYotdh2wKjjK25YVdGOK75rHoaK8OZlg4CevUdigKhKO9+Hn8gnBZWuwXZlcj4NQFwjz4YNAOXR6TyuOApFI6CsgQ8tvwGvNLq9IQ4O2p
11:53:13.946 [main] INFO  com.ssl.code.signing.tool.commands.SignCommand - Command: sign
11:53:13.947 [main] INFO  com.ssl.code.signing.tool.commands.SignCommand - Client ID: kaXTRACNijSWsFdRKg_KAfD3fqrBlzMbWs6TwWHwAn8
11:53:13.947 [main] INFO  com.ssl.code.signing.tool.commands.SignCommand - OAuth2 URL: https://login.ssl.com/oauth2/token
11:53:13.948 [main] INFO  com.ssl.code.signing.tool.commands.SignCommand - CSC Endpoint: https://cs.ssl.com
11:53:13.948 [main] INFO  com.ssl.code.signing.tool.commands.SignCommand - TSA URL: http://ts.ssl.com
11:53:13.948 [main] INFO  com.ssl.code.signing.tool.commands.SignCommand - TSA Legacy URL: null
11:53:13.948 [main] INFO  com.ssl.code.signing.tool.commands.SignCommand - Output directory path: /Users/leocaadi-stefan/Desktop/site/app/dist/win-arm64-unpacked/signed
11:53:13.949 [main] INFO  com.ssl.code.signing.tool.commands.SignCommand - Input file path: /Users/leocaadi-stefan/Desktop/site/app/dist/win-arm64-unpacked/adipan.exe
11:53:13.949 [main] INFO  com.ssl.code.signing.tool.commands.SignCommand - File type: exe
11:53:13.949 [main] INFO  com.ssl.code.signing.tool.commands.SignCommand - Code format type: pe
11:53:14.615 [main] INFO  com.ssl.code.signing.tool.commands.SignCommand - Credential ID in input parameter: 0bd81b4d-49cb-4840-8d30-4d0374ff51b5
11:53:14.615 [main] INFO  com.ssl.code.signing.tool.commands.SignCommand - Credential ID retrieved from signatures service: 0bd81b4d-49cb-4840-8d30-4d0374ff51b5
11:53:15.144 [main] INFO  com.ssl.code.signing.tool.commands.SignCommand - Subject DN: CN=ADI PAN SRL, O=ADI PAN SRL, L=Buzau, C=RO
11:53:15.145 [main] INFO  com.ssl.code.signing.tool.commands.SignCommand - Issuer DN: CN=SSL.com Code Signing Intermediate CA RSA R1, O=SSL Corp, L=Houston, ST=Texas, C=US
11:53:15.156 [main] INFO  com.ssl.code.signing.tool.commands.SignCommand - Certificate expiry: Wed May 06 00:08:40 EEST 2026
11:53:18.155 [main] INFO  com.ssl.code.signing.tool.commands.SignCommand - malware detected: false
11:53:36.867 [main] INFO  com.ssl.code.signing.tool.csc.CscApi - sign hash response: {"signatures":["jtcbzXh4yIC2qYOGBX1ESO0E+61DwVBfNbh2d+o1OIZe2/mBfdi8IfmMFoux4fcQjKfuuei+uq+lVdUxQHV9Bbczt2WaOQKwQvC6LxKkxV0wmUBDnCbd2PRjPH7IzcJGQVq/0SpyNzc+Euo87PaBVibXvfdf/LKW1+8SrMR5T65wBHGBi3FxVWbNr6qJRbnSdw9Pe2Xk2Gxiw9J6vj0ud8szlm+jpkLjtt51ni/6INYG/KWmvUqMR6gHf01HxlpyBrsEpK734ybQ/WYrbZn4pz1uMX+Hv9epl7dXkpQjO+ZDyOVOmdpJ1uUhsunQCa/M7xl7hop4vF+Zhms+EEBaBSFs/b3z6fkWalvgsQJ1dz0k/5whkl+cuV1TpWT5BUtuaI9FSkDFfkVPLXJe3Dwl4xMpKndwo2zvsu3EOFjF1xiNRr33iDtuGJkRX3TE2g07zOh07XxeeFqNne6Fl6xWoFXEI1SJUfZVLjtcdp0xqWuuYFURmtSWO+8rMS94TbmW"]}
11:53:36.868 [main] INFO  com.ssl.code.signing.tool.commands.SignCommand - Signature value: jtcbzXh4yIC2qYOGBX1ESO0E+61DwVBfNbh2d+o1OIZe2/mBfdi8IfmMFoux4fcQjKfuuei+uq+lVdUxQHV9Bbczt2WaOQKwQvC6LxKkxV0wmUBDnCbd2PRjPH7IzcJGQVq/0SpyNzc+Euo87PaBVibXvfdf/LKW1+8SrMR5T65wBHGBi3FxVWbNr6qJRbnSdw9Pe2Xk2Gxiw9J6vj0ud8szlm+jpkLjtt51ni/6INYG/KWmvUqMR6gHf01HxlpyBrsEpK734ybQ/WYrbZn4pz1uMX+Hv9epl7dXkpQjO+ZDyOVOmdpJ1uUhsunQCa/M7xl7hop4vF+Zhms+EEBaBSFs/b3z6fkWalvgsQJ1dz0k/5whkl+cuV1TpWT5BUtuaI9FSkDFfkVPLXJe3Dwl4xMpKndwo2zvsu3EOFjF1xiNRr33iDtuGJkRX3TE2g07zOh07XxeeFqNne6Fl6xWoFXEI1SJUfZVLjtcdp0xqWuuYFURmtSWO+8rMS94TbmW
